2020-10-16 14:28:11,408 [Worker-1: Loading available Gradle versions] INFO  o.e.b.c.i.u.g.PublishedGradleVersions - Gradle version information cache is up-to-date. Trying to read.
2020-10-16 14:45:17,219 [Worker-11: Creating project "Reimbursement"] INFO  o.e.m.c.i.l.LifecycleMappingFactory - Using org.maven.ide.eclipse.wtp.WarLifecycleMapping lifecycle mapping for MavenProject: com.web:Reimbursement:0.0.1-SNAPSHOT @ C:\Users\Cliff\Desktop\Java\project1\Reimbursement\pom.xml.
2020-10-16 14:45:25,527 [Worker-11: Creating project "Reimbursement"] INFO  o.e.m.j.i.AbstractJavaProjectConfigurator - Adding source folder /Reimbursement/src/main/java
2020-10-16 14:45:25,532 [Worker-11: Creating project "Reimbursement"] INFO  o.e.m.j.i.AbstractJavaProjectConfigurator - Adding resource folder /Reimbursement/src/main/resources
2020-10-16 14:45:25,579 [Worker-11: Creating project "Reimbursement"] INFO  o.e.m.j.i.AbstractJavaProjectConfigurator - Adding source folder /Reimbursement/src/test/java
2020-10-16 14:45:25,579 [Worker-11: Creating project "Reimbursement"] INFO  o.e.m.j.i.AbstractJavaProjectConfigurator - Adding resource folder /Reimbursement/src/test/resources
2020-10-16 14:45:34,420 [Worker-16: Building] WARN  o.e.m.c.i.embedder.EclipseLogger - Using platform encoding (Cp1252 actually) to copy filtered resources, i.e. build is platform dependent!
2020-10-16 14:45:34,498 [Worker-16: Building] INFO  o.e.m.c.i.embedder.EclipseLogger - Copying 0 resource
2020-10-16 14:45:34,503 [Worker-16: Building] WARN  o.e.m.c.i.embedder.EclipseLogger - Using platform encoding (Cp1252 actually) to copy filtered resources, i.e. build is platform dependent!
2020-10-16 14:45:34,645 [Worker-16: Building] INFO  o.e.m.c.i.embedder.EclipseLogger - Copying 0 resource
2020-10-16 14:52:20,207 [Worker-19: Building] INFO  o.e.m.c.i.l.LifecycleMappingFactory - Using org.maven.ide.eclipse.wtp.WarLifecycleMapping lifecycle mapping for MavenProject: com.web:Reimbursement:0.0.1-SNAPSHOT @ C:\Users\Cliff\Desktop\Java\project1\Reimbursement\pom.xml.
2020-10-16 14:52:21,792 [Worker-19: Building] WARN  o.e.m.c.i.embedder.EclipseLogger - Using platform encoding (Cp1252 actually) to copy filtered resources, i.e. build is platform dependent!
2020-10-16 14:52:21,812 [Worker-19: Building] INFO  o.e.m.c.i.embedder.EclipseLogger - Copying 0 resource
2020-10-16 14:52:21,815 [Worker-19: Building] WARN  o.e.m.c.i.embedder.EclipseLogger - Using platform encoding (Cp1252 actually) to copy filtered resources, i.e. build is platform dependent!
2020-10-16 14:52:21,830 [Worker-19: Building] INFO  o.e.m.c.i.embedder.EclipseLogger - Copying 0 resource
2020-10-16 14:52:21,831 [Worker-19: Building] INFO  o.e.m.w.i.f.ResourceFilteringBuildParticipant - Changed resources require a complete clean of filtered resources of Reimbursement
2020-10-16 14:52:21,833 [Worker-19: Building] INFO  o.e.m.w.i.f.ResourceFilteringBuildParticipant - Executing resource filtering for Reimbursement
2020-10-16 14:52:21,842 [Worker-19: Building] WARN  o.e.m.c.i.embedder.EclipseLogger - Using platform encoding (Cp1252 actually) to copy filtered resources, i.e. build is platform dependent!
2020-10-16 14:52:31,551 [Worker-7: Updating Maven Project] INFO  o.e.m.c.i.p.ProjectConfigurationManager - Update started
2020-10-16 14:52:32,729 [Worker-7: Updating Maven Project] INFO  o.e.m.c.i.l.LifecycleMappingFactory - Using org.maven.ide.eclipse.wtp.WarLifecycleMapping lifecycle mapping for MavenProject: com.web:Reimbursement:0.0.1-SNAPSHOT @ C:\Users\Cliff\Desktop\Java\project1\Reimbursement\pom.xml.
2020-10-16 14:52:34,869 [Worker-7: Updating Maven Project] INFO  o.e.m.j.i.AbstractJavaProjectConfigurator - Adding source folder /Reimbursement/src/main/java
2020-10-16 14:52:34,870 [Worker-7: Updating Maven Project] INFO  o.e.m.j.i.AbstractJavaProjectConfigurator - Adding resource folder /Reimbursement/src/main/resources
2020-10-16 14:52:34,871 [Worker-7: Updating Maven Project] INFO  o.e.m.j.i.AbstractJavaProjectConfigurator - Adding source folder /Reimbursement/src/test/java
2020-10-16 14:52:34,871 [Worker-7: Updating Maven Project] INFO  o.e.m.j.i.AbstractJavaProjectConfigurator - Adding resource folder /Reimbursement/src/test/resources
2020-10-16 14:52:38,149 [Worker-7: Updating Maven Project] INFO  o.e.m.w.i.f.ResourceFilteringBuildParticipant - Cleaning filtered folder for Reimbursement
2020-10-16 14:52:38,160 [Worker-7: Updating Maven Project] INFO  o.e.m.c.i.p.ProjectConfigurationManager - Update completed: 6 sec
2020-10-16 14:52:38,829 [Worker-7: Building Project Reimbursement] WARN  o.e.m.c.i.embedder.EclipseLogger - Using platform encoding (Cp1252 actually) to copy filtered resources, i.e. build is platform dependent!
2020-10-16 14:52:39,788 [Worker-7: Building Project Reimbursement] INFO  o.e.m.c.i.embedder.EclipseLogger - Copying 0 resource
2020-10-16 14:52:39,811 [Worker-7: Building Project Reimbursement] WARN  o.e.m.c.i.embedder.EclipseLogger - Using platform encoding (Cp1252 actually) to copy filtered resources, i.e. build is platform dependent!
2020-10-16 14:52:40,597 [Worker-7: Building Project Reimbursement] INFO  o.e.m.c.i.embedder.EclipseLogger - Copying 0 resource
2020-10-16 14:52:40,615 [Worker-7: Building Project Reimbursement] INFO  o.e.m.w.i.f.ResourceFilteringBuildParticipant - Changed resources require a complete clean of filtered resources of Reimbursement
2020-10-16 14:52:40,615 [Worker-7: Building Project Reimbursement] INFO  o.e.m.w.i.f.ResourceFilteringBuildParticipant - Executing resource filtering for Reimbursement
2020-10-16 14:52:40,631 [Worker-7: Building Project Reimbursement] WARN  o.e.m.c.i.embedder.EclipseLogger - Using platform encoding (Cp1252 actually) to copy filtered resources, i.e. build is platform dependent!
